==============================================================================================================
v6 EDGE BREAKDOWN — where does the +0.30% threshold edge actually live?
==============================================================================================================
Threshold: pred > 0.3% (LONG only)
Round-trip cost: 0.14%
Position notional: $700.0

  Loading window 2025-04... 102,991 rows, pred mean=-0.0014%
  Loading window 2025-05... 107,087 rows, pred mean=+0.0015%
  Loading window 2025-06... 76,001 rows, pred mean=+0.0006%
  Loading window 2025-09... 103,194 rows, pred mean=-0.0013%
  Loading window 2025-10... 100,345 rows, pred mean=+0.0045%

Total: 489,618 rows across 5 windows

==============================================================================================================
1) PER-SYMBOL BREAKDOWN @ thr=0.30%
==============================================================================================================
symbol      trades     WR     PF  avg_pnl%   tot_pnl%      tot_$
PEPEUSDT       200  0.510   1.30   +0.2507     +50.14    +350.97
XRPUSDT         89  0.584   1.57   +0.4175     +37.15    +260.08
SHIBUSDT        78  0.513   1.35   +0.2817     +21.98    +153.83
ADAUSDT        100  0.560   1.21   +0.1767     +17.67    +123.66
ETHUSDT         78  0.538   1.40   +0.1550     +12.09     +84.62
AVAXUSDT        94  0.468   1.10   +0.0920      +8.65     +60.52
DOGEUSDT       103  0.534   1.11   +0.0809      +8.33     +58.34
BTCUSDT         32  0.469   1.47   +0.1487      +4.76     +33.31
LINKUSDT        95  0.463   1.04   +0.0330      +3.13     +21.92
SOLUSDT         91  0.418   0.89   -0.0725      -6.59     -46.16
BONKUSDT       216  0.514   0.93   -0.0537     -11.59     -81.16
WIFUSDT        281  0.527   0.94   -0.0752     -21.13    -147.92

Profitable symbols: 9 / 12

==============================================================================================================
2) PER-HOUR (UTC) BREAKDOWN @ thr=0.30%
==============================================================================================================
 hour  trades     WR     PF  avg_pnl%   tot_pnl%      tot_$
    0     137  0.482   1.01   +0.0035      +0.48      +3.34
    1      32  0.531   1.11   +0.0413      +1.32      +9.25
    2      26  0.692   2.81   +0.5747     +14.94    +104.59
    3      30  0.333   0.84   -0.0888      -2.66     -18.65
    4      12  0.583   3.15   +0.5404      +6.48     +45.39
    5       9  0.444   0.11   -1.3715     -12.34     -86.40
    6      25  0.560   1.71   +0.5005     +12.51     +87.59
    7      30  0.667   2.26   +0.5951     +17.85    +124.97
    8      18  0.944  25.72   +2.0217     +36.39    +254.73
    9      16  0.375   0.56   -0.2255      -3.61     -25.26
   10       5  0.200   0.24   -0.5821      -2.91     -20.37
   11      27  0.333   0.27   -0.3874     -10.46     -73.21
   12      89  0.404   0.78   -0.0710      -6.32     -44.23
   13      35  0.714   3.43   +0.3236     +11.33     +79.29
   14     127  0.740   3.73   +0.7853     +99.74    +698.15
   15      94  0.649   2.22   +0.3510     +32.99    +230.94
   16      14  0.643   2.36   +0.3812      +5.34     +37.36
   17      57  0.737   2.02   +0.4606     +26.25    +183.77
   18     102  0.324   0.37   -0.3001     -30.61    -214.25
   19      26  0.769   1.41   +0.1137      +2.96     +20.69
   20      28  0.250   0.01   -3.5841    -100.36    -702.49
   21     228  0.504   1.81   +1.1392    +259.75   +1818.22
   22     196  0.276   0.27   -1.4546    -285.10   -1995.69
   23      94  0.660   2.32   +0.5384     +50.61    +354.26

Profitable hours: 15 / 24

==============================================================================================================
3) SYMBOL × HOUR — TOP 15 CELLS by total_$ PnL
==============================================================================================================
symbol      hour  trades     WR     PF      tot_$
PEPEUSDT      21      27  0.519   3.13    +493.52
AVAXUSDT      21      15  0.533   2.00    +197.96
ADAUSDT       21      17  0.529   2.53    +195.87
WIFUSDT       21      29  0.517   1.23    +183.64
LINKUSDT      21      16  0.500   2.98    +172.68
PEPEUSDT       8       6  1.000  99.00    +160.90
ETHUSDT       21      21  0.571   3.77    +132.53
XRPUSDT       21      15  0.533   1.80    +129.86
BONKUSDT      21      25  0.600   2.04    +124.52
SHIBUSDT      21      16  0.438   1.82    +116.16
WIFUSDT       14      15  0.933  16.71    +110.21
WIFUSDT       15      17  0.765  10.28    +100.67
SOLUSDT       21      18  0.389   1.94     +89.38
DOGEUSDT      14      12  0.750   4.82     +89.10
ADAUSDT       17       8  0.875  12.34     +71.48

  --- bottom 5 (worst cells) ---
ADAUSDT       22      18  0.278   0.14    -218.41
LINKUSDT      22      17  0.118   0.07    -266.34
BONKUSDT      22      26  0.269   0.32    -304.55
PEPEUSDT      22      23  0.174   0.04    -448.64
WIFUSDT       22      23  0.217   0.20    -475.81

==============================================================================================================
4) PER-WINDOW BREAKDOWN @ thr=0.30%
==============================================================================================================
window      trades     WR     PF      tot_$
RANGE_2025     447  0.553   1.13    +679.30
RECENT_2026    1010  0.495   1.06    +192.69

==============================================================================================================
5) WHAT IF WE FILTER TO PROFITABLE SYMBOLS ONLY?
==============================================================================================================
Profitable symbols: ['PEPEUSDT', 'XRPUSDT', 'SHIBUSDT', 'ADAUSDT', 'ETHUSDT', 'AVAXUSDT', 'DOGEUSDT', 'BTCUSDT', 'LINKUSDT']
  Trades: 869
  WR:     0.518
  PF:     1.25
  Avg PnL per trade: +0.1886%
  Total PnL: +163.89% = $+1147.24

==============================================================================================================
6) WHAT IF WE FILTER TO PROFITABLE HOURS ONLY?
==============================================================================================================
Profitable hours (UTC): [0, 1, 2, 4, 6, 7, 8, 13, 14, 15, 16, 17, 19, 21, 23]
  Trades: 955
  WR:     0.615
  PF:     1.98
  Avg PnL per trade: +0.6062%
  Total PnL: +578.94% = $+4052.55

==============================================================================================================
7) FILTER TO good_syms ∩ good_hours
==============================================================================================================
  Trades: 576
  WR:     0.618
  PF:     2.35
  Avg PnL per trade: +0.7356%
  Total PnL: +423.73% = $+2966.10

  Per-window breakdown of filtered strategy:
  window      trades     WR     PF      tot_$
  RANGE_2025     198  0.682   2.71   +2239.06
  RECENT_2026     378  0.585   1.82    +727.04

Saved: /home/z/my-project/data/v6_models/v6_edge_breakdown.json
